2023-04-13 11:14:55,115 - __main__ - INFO - cluster1: 465
2023-04-13 11:14:55,116 - __main__ - INFO - cluster2: 1032
2023-04-13 11:14:55,116 - __main__ - INFO - cluster1 and cluster2: 1483
2023-04-13 11:14:55,116 - __main__ - INFO - ######### Model function skewed_gaussian
2023-04-13 11:14:55,116 - __main__ - INFO - AA
2023-04-13 11:14:55,116 - __main__ - INFO - 0.028745149222757477
2023-04-13 11:14:55,116 - __main__ - INFO - 0.9685
2023-04-13 11:14:55,168 - __main__ - INFO - Error - skewed gaussian - curve_fit failed
2023-04-13 11:14:55,168 - __main__ - INFO - Optimal parameters not found: Number of calls to function has reached maxfev = 800.
2023-04-13 11:14:55,207 - __main__ - INFO - AIC: 149.52000014829474 for beta pdf
2023-04-13 11:14:55,207 - __main__ - INFO - popt: [6.49557750e+01 9.81799601e-01 1.92632252e-02 9.56173762e-01]
2023-04-13 11:14:55,236 - __main__ - INFO - AIC: 143.7024032993012 for log_norm
2023-04-13 11:14:55,236 - __main__ - INFO - popt: [0.89524981 0.01490806 0.00835992]
2023-04-13 11:14:55,245 - __main__ - INFO - AIC: 143.16887188686147 for betaprime_pdf
2023-04-13 11:14:55,245 - __main__ - INFO - popt: [ 11.23764227 463.92970119]
2023-04-13 11:14:55,256 - __main__ - INFO - AIC: 122.54675808679667 for sk noise
2023-04-13 11:14:55,256 - __main__ - INFO - popt: [ 1.06750828e+03  9.68053422e-01  1.13826642e-02  2.99227698e+02
 -2.55773255e+02]
2023-04-13 11:14:55,256 - __main__ - INFO - AIC: 149.52, Model: skewed_gaussian, Params: [6.49557750e+01 9.81799601e-01 1.92632252e-02 9.56173762e-01]
2023-04-13 11:14:55,256 - __main__ - INFO - AIC: 143.70, Model: beta_pdf, Params: [0.89524981 0.01490806 0.00835992]
2023-04-13 11:14:55,256 - __main__ - INFO - AIC: 143.17, Model: log_norm, Params: [ 11.23764227 463.92970119]
2023-04-13 11:14:55,256 - __main__ - INFO - AIC: 122.55, Model: betaprime_pdf, Params: [ 1.06750828e+03  9.68053422e-01  1.13826642e-02  2.99227698e+02
 -2.55773255e+02]
2023-04-13 11:14:55,256 - __main__ - INFO - BB
2023-04-13 11:14:55,257 - __main__ - INFO - 0.04321157979533232
2023-04-13 11:14:55,257 - __main__ - INFO - 0.9706
2023-04-13 11:14:55,307 - __main__ - INFO - Error - skewed gaussian - curve_fit failed
2023-04-13 11:14:55,307 - __main__ - INFO - Optimal parameters not found: Number of calls to function has reached maxfev = 800.
2023-04-13 11:14:55,316 - __main__ - INFO - AIC: 176.05767922411874 for beta pdf
2023-04-13 11:14:55,316 - __main__ - INFO - popt: [5.11102049e+01 8.93883850e-01 3.95981129e-02 9.44366210e-01]
2023-04-13 11:14:55,349 - __main__ - INFO - AIC: 175.61710887698894 for log_norm
2023-04-13 11:14:55,349 - __main__ - INFO - popt: [1.90335789 0.01589887 0.0062715 ]
2023-04-13 11:14:55,364 - __main__ - INFO - AIC: 178.06547447506847 for betaprime_pdf
2023-04-13 11:14:55,364 - __main__ - INFO - popt: [  4.50014945 367.55669075]
2023-04-13 11:14:55,369 - __main__ - INFO - AIC: 153.46311121071216 for sk noise
2023-04-13 11:14:55,369 - __main__ - INFO - popt: [ 3.30256743e+02  9.85689205e-01  6.50011925e-03  7.41602617e+02
 -6.20567632e+02]
2023-04-13 11:14:55,369 - __main__ - INFO - AIC: 176.06, Model: skewed_gaussian, Params: [5.11102049e+01 8.93883850e-01 3.95981129e-02 9.44366210e-01]
2023-04-13 11:14:55,369 - __main__ - INFO - AIC: 175.62, Model: beta_pdf, Params: [1.90335789 0.01589887 0.0062715 ]
2023-04-13 11:14:55,369 - __main__ - INFO - AIC: 178.07, Model: log_norm, Params: [  4.50014945 367.55669075]
2023-04-13 11:14:55,370 - __main__ - INFO - AIC: 153.46, Model: betaprime_pdf, Params: [ 3.30256743e+02  9.85689205e-01  6.50011925e-03  7.41602617e+02
 -6.20567632e+02]
2023-04-13 11:14:55,370 - __main__ - INFO - AB
2023-04-13 11:14:55,370 - __main__ - INFO - 0.04338232324861962
2023-04-13 11:14:55,370 - __main__ - INFO - 0.9537
2023-04-13 11:14:55,387 - __main__ - INFO - AIC: 206.1601286401201 for skewed gaussian
2023-04-13 11:14:55,387 - __main__ - INFO - popt: [-4.33479402e+04  9.67587477e-01  4.92789298e-03]
2023-04-13 11:14:55,402 - __main__ - INFO - AIC: 212.89171829840834 for beta pdf
2023-04-13 11:14:55,402 - __main__ - INFO - popt: [21.2079028   0.98531666  0.07370977  0.8938772 ]
2023-04-13 11:14:55,420 - __main__ - INFO - AIC: 208.61268808890784 for log_norm
2023-04-13 11:14:55,420 - __main__ - INFO - popt: [1.7889948  0.04039264 0.00587367]
2023-04-13 11:14:55,463 - __main__ - INFO - Error - betaprime_pdf - curve_fit failed
2023-04-13 11:14:55,463 - __main__ - INFO - Optimal parameters not found: Number of calls to function has reached maxfev = 600.
2023-04-13 11:14:55,472 - __main__ - INFO - AIC: 182.07657292132038 for sk noise
2023-04-13 11:14:55,473 - __main__ - INFO - popt: [ 8.74578999e+05  8.04282464e-01  1.83771837e-02  9.65118685e+02
 -8.04242694e+02]
2023-04-13 11:14:55,473 - __main__ - INFO - AIC: 206.16, Model: skewed_gaussian, Params: [-4.33479402e+04  9.67587477e-01  4.92789298e-03]
2023-04-13 11:14:55,473 - __main__ - INFO - AIC: 212.89, Model: beta_pdf, Params: [21.2079028   0.98531666  0.07370977  0.8938772 ]
2023-04-13 11:14:55,473 - __main__ - INFO - AIC: 208.61, Model: log_norm, Params: [1.7889948  0.04039264 0.00587367]
2023-04-13 11:14:55,473 - __main__ - INFO - AIC: 182.08, Model: betaprime_pdf, Params: [ 8.74578999e+05  8.04282464e-01  1.83771837e-02  9.65118685e+02
 -8.04242694e+02]
2023-04-13 11:14:55,473 - __main__ - INFO - ######### Model function beta_pdf
2023-04-13 11:14:55,473 - __main__ - INFO - AA
2023-04-13 11:14:55,473 - __main__ - INFO - 0.028745149222757477
2023-04-13 11:14:55,474 - __main__ - INFO - 0.9685
2023-04-13 11:14:55,524 - __main__ - INFO - Error - skewed gaussian - curve_fit failed
2023-04-13 11:14:55,524 - __main__ - INFO - Optimal parameters not found: Number of calls to function has reached maxfev = 800.
2023-04-13 11:14:55,537 - __main__ - INFO - AIC: 149.52000014829474 for beta pdf
2023-04-13 11:14:55,537 - __main__ - INFO - popt: [6.49557750e+01 9.81799601e-01 1.92632252e-02 9.56173762e-01]
2023-04-13 11:14:55,563 - __main__ - INFO - AIC: 143.7024032993012 for log_norm
2023-04-13 11:14:55,563 - __main__ - INFO - popt: [0.89524981 0.01490806 0.00835992]
2023-04-13 11:14:55,571 - __main__ - INFO - AIC: 143.16887188686147 for betaprime_pdf
2023-04-13 11:14:55,571 - __main__ - INFO - popt: [ 11.23764227 463.92970119]
2023-04-13 11:14:55,582 - __main__ - INFO - AIC: 122.54675808679667 for sk noise
2023-04-13 11:14:55,582 - __main__ - INFO - popt: [ 1.06750828e+03  9.68053422e-01  1.13826642e-02  2.99227698e+02
 -2.55773255e+02]
2023-04-13 11:14:55,582 - __main__ - INFO - AIC: 149.52, Model: skewed_gaussian, Params: [6.49557750e+01 9.81799601e-01 1.92632252e-02 9.56173762e-01]
2023-04-13 11:14:55,582 - __main__ - INFO - AIC: 143.70, Model: beta_pdf, Params: [0.89524981 0.01490806 0.00835992]
2023-04-13 11:14:55,582 - __main__ - INFO - AIC: 143.17, Model: log_norm, Params: [ 11.23764227 463.92970119]
2023-04-13 11:14:55,583 - __main__ - INFO - AIC: 122.55, Model: betaprime_pdf, Params: [ 1.06750828e+03  9.68053422e-01  1.13826642e-02  2.99227698e+02
 -2.55773255e+02]
2023-04-13 11:14:55,583 - __main__ - INFO - BB
2023-04-13 11:14:55,583 - __main__ - INFO - 0.04321157979533232
2023-04-13 11:14:55,583 - __main__ - INFO - 0.9706
2023-04-13 11:14:55,641 - __main__ - INFO - Error - skewed gaussian - curve_fit failed
2023-04-13 11:14:55,642 - __main__ - INFO - Optimal parameters not found: Number of calls to function has reached maxfev = 800.
2023-04-13 11:14:55,651 - __main__ - INFO - AIC: 176.05767922411874 for beta pdf
2023-04-13 11:14:55,651 - __main__ - INFO - popt: [5.11102049e+01 8.93883850e-01 3.95981129e-02 9.44366210e-01]
2023-04-13 11:14:55,683 - __main__ - INFO - AIC: 175.61710887698894 for log_norm
2023-04-13 11:14:55,683 - __main__ - INFO - popt: [1.90335789 0.01589887 0.0062715 ]
2023-04-13 11:14:55,697 - __main__ - INFO - AIC: 178.06547447506847 for betaprime_pdf
2023-04-13 11:14:55,697 - __main__ - INFO - popt: [  4.50014945 367.55669075]
2023-04-13 11:14:55,703 - __main__ - INFO - AIC: 153.46311121071216 for sk noise
2023-04-13 11:14:55,703 - __main__ - INFO - popt: [ 3.30256743e+02  9.85689205e-01  6.50011925e-03  7.41602617e+02
 -6.20567632e+02]
2023-04-13 11:14:55,703 - __main__ - INFO - AIC: 176.06, Model: skewed_gaussian, Params: [5.11102049e+01 8.93883850e-01 3.95981129e-02 9.44366210e-01]
2023-04-13 11:14:55,703 - __main__ - INFO - AIC: 175.62, Model: beta_pdf, Params: [1.90335789 0.01589887 0.0062715 ]
2023-04-13 11:14:55,703 - __main__ - INFO - AIC: 178.07, Model: log_norm, Params: [  4.50014945 367.55669075]
2023-04-13 11:14:55,703 - __main__ - INFO - AIC: 153.46, Model: betaprime_pdf, Params: [ 3.30256743e+02  9.85689205e-01  6.50011925e-03  7.41602617e+02
 -6.20567632e+02]
2023-04-13 11:14:55,703 - __main__ - INFO - AB
2023-04-13 11:14:55,704 - __main__ - INFO - 0.04338232324861962
2023-04-13 11:14:55,704 - __main__ - INFO - 0.9537
2023-04-13 11:14:55,721 - __main__ - INFO - AIC: 206.1601286401201 for skewed gaussian
2023-04-13 11:14:55,721 - __main__ - INFO - popt: [-4.33479402e+04  9.67587477e-01  4.92789298e-03]
2023-04-13 11:14:55,735 - __main__ - INFO - AIC: 212.89171829840834 for beta pdf
2023-04-13 11:14:55,736 - __main__ - INFO - popt: [21.2079028   0.98531666  0.07370977  0.8938772 ]
2023-04-13 11:14:55,753 - __main__ - INFO - AIC: 208.61268808890784 for log_norm
2023-04-13 11:14:55,754 - __main__ - INFO - popt: [1.7889948  0.04039264 0.00587367]
2023-04-13 11:14:55,795 - __main__ - INFO - Error - betaprime_pdf - curve_fit failed
2023-04-13 11:14:55,795 - __main__ - INFO - Optimal parameters not found: Number of calls to function has reached maxfev = 600.
2023-04-13 11:14:55,804 - __main__ - INFO - AIC: 182.07657292132038 for sk noise
2023-04-13 11:14:55,804 - __main__ - INFO - popt: [ 8.74578999e+05  8.04282464e-01  1.83771837e-02  9.65118685e+02
 -8.04242694e+02]
2023-04-13 11:14:55,804 - __main__ - INFO - AIC: 206.16, Model: skewed_gaussian, Params: [-4.33479402e+04  9.67587477e-01  4.92789298e-03]
2023-04-13 11:14:55,805 - __main__ - INFO - AIC: 212.89, Model: beta_pdf, Params: [21.2079028   0.98531666  0.07370977  0.8938772 ]
2023-04-13 11:14:55,805 - __main__ - INFO - AIC: 208.61, Model: log_norm, Params: [1.7889948  0.04039264 0.00587367]
2023-04-13 11:14:55,805 - __main__ - INFO - AIC: 182.08, Model: betaprime_pdf, Params: [ 8.74578999e+05  8.04282464e-01  1.83771837e-02  9.65118685e+02
 -8.04242694e+02]
2023-04-13 11:14:55,805 - __main__ - INFO - ######### Model function log_norm
2023-04-13 11:14:55,805 - __main__ - INFO - AA
2023-04-13 11:14:55,806 - __main__ - INFO - 0.028745149222757477
2023-04-13 11:14:55,806 - __main__ - INFO - 0.9685
2023-04-13 11:14:55,855 - __main__ - INFO - Error - skewed gaussian - curve_fit failed
2023-04-13 11:14:55,855 - __main__ - INFO - Optimal parameters not found: Number of calls to function has reached maxfev = 800.
2023-04-13 11:14:55,868 - __main__ - INFO - AIC: 149.52000014829474 for beta pdf
2023-04-13 11:14:55,868 - __main__ - INFO - popt: [6.49557750e+01 9.81799601e-01 1.92632252e-02 9.56173762e-01]
2023-04-13 11:14:55,893 - __main__ - INFO - AIC: 143.7024032993012 for log_norm
2023-04-13 11:14:55,893 - __main__ - INFO - popt: [0.89524981 0.01490806 0.00835992]
2023-04-13 11:14:55,902 - __main__ - INFO - AIC: 143.16887188686147 for betaprime_pdf
2023-04-13 11:14:55,902 - __main__ - INFO - popt: [ 11.23764227 463.92970119]
2023-04-13 11:14:55,912 - __main__ - INFO - AIC: 122.54675808679667 for sk noise
2023-04-13 11:14:55,913 - __main__ - INFO - popt: [ 1.06750828e+03  9.68053422e-01  1.13826642e-02  2.99227698e+02
 -2.55773255e+02]
2023-04-13 11:14:55,913 - __main__ - INFO - AIC: 149.52, Model: skewed_gaussian, Params: [6.49557750e+01 9.81799601e-01 1.92632252e-02 9.56173762e-01]
2023-04-13 11:14:55,913 - __main__ - INFO - AIC: 143.70, Model: beta_pdf, Params: [0.89524981 0.01490806 0.00835992]
2023-04-13 11:14:55,913 - __main__ - INFO - AIC: 143.17, Model: log_norm, Params: [ 11.23764227 463.92970119]
2023-04-13 11:14:55,913 - __main__ - INFO - AIC: 122.55, Model: betaprime_pdf, Params: [ 1.06750828e+03  9.68053422e-01  1.13826642e-02  2.99227698e+02
 -2.55773255e+02]
2023-04-13 11:14:55,913 - __main__ - INFO - BB
2023-04-13 11:14:55,914 - __main__ - INFO - 0.04321157979533232
2023-04-13 11:14:55,914 - __main__ - INFO - 0.9706
2023-04-13 11:14:55,963 - __main__ - INFO - Error - skewed gaussian - curve_fit failed
2023-04-13 11:14:55,963 - __main__ - INFO - Optimal parameters not found: Number of calls to function has reached maxfev = 800.
2023-04-13 11:14:55,972 - __main__ - INFO - AIC: 176.05767922411874 for beta pdf
2023-04-13 11:14:55,973 - __main__ - INFO - popt: [5.11102049e+01 8.93883850e-01 3.95981129e-02 9.44366210e-01]
2023-04-13 11:14:56,004 - __main__ - INFO - AIC: 175.61710887698894 for log_norm
2023-04-13 11:14:56,004 - __main__ - INFO - popt: [1.90335789 0.01589887 0.0062715 ]
2023-04-13 11:14:56,019 - __main__ - INFO - AIC: 178.06547447506847 for betaprime_pdf
2023-04-13 11:14:56,019 - __main__ - INFO - popt: [  4.50014945 367.55669075]
2023-04-13 11:14:56,024 - __main__ - INFO - AIC: 153.46311121071216 for sk noise
2023-04-13 11:14:56,024 - __main__ - INFO - popt: [ 3.30256743e+02  9.85689205e-01  6.50011925e-03  7.41602617e+02
 -6.20567632e+02]
2023-04-13 11:14:56,024 - __main__ - INFO - AIC: 176.06, Model: skewed_gaussian, Params: [5.11102049e+01 8.93883850e-01 3.95981129e-02 9.44366210e-01]
2023-04-13 11:14:56,024 - __main__ - INFO - AIC: 175.62, Model: beta_pdf, Params: [1.90335789 0.01589887 0.0062715 ]
2023-04-13 11:14:56,025 - __main__ - INFO - AIC: 178.07, Model: log_norm, Params: [  4.50014945 367.55669075]
2023-04-13 11:14:56,025 - __main__ - INFO - AIC: 153.46, Model: betaprime_pdf, Params: [ 3.30256743e+02  9.85689205e-01  6.50011925e-03  7.41602617e+02
 -6.20567632e+02]
2023-04-13 11:14:56,025 - __main__ - INFO - AB
2023-04-13 11:14:56,025 - __main__ - INFO - 0.04338232324861962
2023-04-13 11:14:56,025 - __main__ - INFO - 0.9537
2023-04-13 11:14:56,042 - __main__ - INFO - AIC: 206.1601286401201 for skewed gaussian
2023-04-13 11:14:56,042 - __main__ - INFO - popt: [-4.33479402e+04  9.67587477e-01  4.92789298e-03]
2023-04-13 11:14:56,056 - __main__ - INFO - AIC: 212.89171829840834 for beta pdf
2023-04-13 11:14:56,056 - __main__ - INFO - popt: [21.2079028   0.98531666  0.07370977  0.8938772 ]
2023-04-13 11:14:56,074 - __main__ - INFO - AIC: 208.61268808890784 for log_norm
2023-04-13 11:14:56,074 - __main__ - INFO - popt: [1.7889948  0.04039264 0.00587367]
2023-04-13 11:14:56,116 - __main__ - INFO - Error - betaprime_pdf - curve_fit failed
2023-04-13 11:14:56,116 - __main__ - INFO - Optimal parameters not found: Number of calls to function has reached maxfev = 600.
2023-04-13 11:14:56,126 - __main__ - INFO - AIC: 182.07657292132038 for sk noise
2023-04-13 11:14:56,126 - __main__ - INFO - popt: [ 8.74578999e+05  8.04282464e-01  1.83771837e-02  9.65118685e+02
 -8.04242694e+02]
2023-04-13 11:14:56,126 - __main__ - INFO - AIC: 206.16, Model: skewed_gaussian, Params: [-4.33479402e+04  9.67587477e-01  4.92789298e-03]
2023-04-13 11:14:56,126 - __main__ - INFO - AIC: 212.89, Model: beta_pdf, Params: [21.2079028   0.98531666  0.07370977  0.8938772 ]
2023-04-13 11:14:56,126 - __main__ - INFO - AIC: 208.61, Model: log_norm, Params: [1.7889948  0.04039264 0.00587367]
2023-04-13 11:14:56,126 - __main__ - INFO - AIC: 182.08, Model: betaprime_pdf, Params: [ 8.74578999e+05  8.04282464e-01  1.83771837e-02  9.65118685e+02
 -8.04242694e+02]
2023-04-13 11:14:56,126 - __main__ - INFO - ######### Model function betaprime_pdf
2023-04-13 11:14:56,126 - __main__ - INFO - AA
2023-04-13 11:14:56,127 - __main__ - INFO - 0.028745149222757477
2023-04-13 11:14:56,127 - __main__ - INFO - 0.9685
2023-04-13 11:14:56,176 - __main__ - INFO - Error - skewed gaussian - curve_fit failed
2023-04-13 11:14:56,176 - __main__ - INFO - Optimal parameters not found: Number of calls to function has reached maxfev = 800.
2023-04-13 11:14:56,189 - __main__ - INFO - AIC: 149.52000014829474 for beta pdf
2023-04-13 11:14:56,189 - __main__ - INFO - popt: [6.49557750e+01 9.81799601e-01 1.92632252e-02 9.56173762e-01]
2023-04-13 11:14:56,214 - __main__ - INFO - AIC: 143.7024032993012 for log_norm
2023-04-13 11:14:56,214 - __main__ - INFO - popt: [0.89524981 0.01490806 0.00835992]
2023-04-13 11:14:56,222 - __main__ - INFO - AIC: 143.16887188686147 for betaprime_pdf
2023-04-13 11:14:56,223 - __main__ - INFO - popt: [ 11.23764227 463.92970119]
2023-04-13 11:14:56,233 - __main__ - INFO - AIC: 122.54675808679667 for sk noise
2023-04-13 11:14:56,233 - __main__ - INFO - popt: [ 1.06750828e+03  9.68053422e-01  1.13826642e-02  2.99227698e+02
 -2.55773255e+02]
2023-04-13 11:14:56,234 - __main__ - INFO - AIC: 149.52, Model: skewed_gaussian, Params: [6.49557750e+01 9.81799601e-01 1.92632252e-02 9.56173762e-01]
2023-04-13 11:14:56,234 - __main__ - INFO - AIC: 143.70, Model: beta_pdf, Params: [0.89524981 0.01490806 0.00835992]
2023-04-13 11:14:56,234 - __main__ - INFO - AIC: 143.17, Model: log_norm, Params: [ 11.23764227 463.92970119]
2023-04-13 11:14:56,234 - __main__ - INFO - AIC: 122.55, Model: betaprime_pdf, Params: [ 1.06750828e+03  9.68053422e-01  1.13826642e-02  2.99227698e+02
 -2.55773255e+02]
2023-04-13 11:14:56,234 - __main__ - INFO - BB
2023-04-13 11:14:56,234 - __main__ - INFO - 0.04321157979533232
2023-04-13 11:14:56,234 - __main__ - INFO - 0.9706
2023-04-13 11:14:56,284 - __main__ - INFO - Error - skewed gaussian - curve_fit failed
2023-04-13 11:14:56,284 - __main__ - INFO - Optimal parameters not found: Number of calls to function has reached maxfev = 800.
2023-04-13 11:14:56,293 - __main__ - INFO - AIC: 176.05767922411874 for beta pdf
2023-04-13 11:14:56,293 - __main__ - INFO - popt: [5.11102049e+01 8.93883850e-01 3.95981129e-02 9.44366210e-01]
2023-04-13 11:14:56,325 - __main__ - INFO - AIC: 175.61710887698894 for log_norm
2023-04-13 11:14:56,325 - __main__ - INFO - popt: [1.90335789 0.01589887 0.0062715 ]
2023-04-13 11:14:56,340 - __main__ - INFO - AIC: 178.06547447506847 for betaprime_pdf
2023-04-13 11:14:56,340 - __main__ - INFO - popt: [  4.50014945 367.55669075]
2023-04-13 11:14:56,345 - __main__ - INFO - AIC: 153.46311121071216 for sk noise
2023-04-13 11:14:56,345 - __main__ - INFO - popt: [ 3.30256743e+02  9.85689205e-01  6.50011925e-03  7.41602617e+02
 -6.20567632e+02]
2023-04-13 11:14:56,345 - __main__ - INFO - AIC: 176.06, Model: skewed_gaussian, Params: [5.11102049e+01 8.93883850e-01 3.95981129e-02 9.44366210e-01]
2023-04-13 11:14:56,345 - __main__ - INFO - AIC: 175.62, Model: beta_pdf, Params: [1.90335789 0.01589887 0.0062715 ]
2023-04-13 11:14:56,345 - __main__ - INFO - AIC: 178.07, Model: log_norm, Params: [  4.50014945 367.55669075]
2023-04-13 11:14:56,345 - __main__ - INFO - AIC: 153.46, Model: betaprime_pdf, Params: [ 3.30256743e+02  9.85689205e-01  6.50011925e-03  7.41602617e+02
 -6.20567632e+02]
2023-04-13 11:14:56,346 - __main__ - INFO - AB
2023-04-13 11:14:56,346 - __main__ - INFO - 0.04338232324861962
2023-04-13 11:14:56,346 - __main__ - INFO - 0.9537
2023-04-13 11:14:56,363 - __main__ - INFO - AIC: 206.1601286401201 for skewed gaussian
2023-04-13 11:14:56,363 - __main__ - INFO - popt: [-4.33479402e+04  9.67587477e-01  4.92789298e-03]
2023-04-13 11:14:56,377 - __main__ - INFO - AIC: 212.89171829840834 for beta pdf
2023-04-13 11:14:56,377 - __main__ - INFO - popt: [21.2079028   0.98531666  0.07370977  0.8938772 ]
2023-04-13 11:14:56,395 - __main__ - INFO - AIC: 208.61268808890784 for log_norm
2023-04-13 11:14:56,395 - __main__ - INFO - popt: [1.7889948  0.04039264 0.00587367]
2023-04-13 11:14:56,436 - __main__ - INFO - Error - betaprime_pdf - curve_fit failed
2023-04-13 11:14:56,437 - __main__ - INFO - Optimal parameters not found: Number of calls to function has reached maxfev = 600.
2023-04-13 11:14:56,446 - __main__ - INFO - AIC: 182.07657292132038 for sk noise
2023-04-13 11:14:56,446 - __main__ - INFO - popt: [ 8.74578999e+05  8.04282464e-01  1.83771837e-02  9.65118685e+02
 -8.04242694e+02]
2023-04-13 11:14:56,446 - __main__ - INFO - AIC: 206.16, Model: skewed_gaussian, Params: [-4.33479402e+04  9.67587477e-01  4.92789298e-03]
2023-04-13 11:14:56,447 - __main__ - INFO - AIC: 212.89, Model: beta_pdf, Params: [21.2079028   0.98531666  0.07370977  0.8938772 ]
2023-04-13 11:14:56,447 - __main__ - INFO - AIC: 208.61, Model: log_norm, Params: [1.7889948  0.04039264 0.00587367]
2023-04-13 11:14:56,447 - __main__ - INFO - AIC: 182.08, Model: betaprime_pdf, Params: [ 8.74578999e+05  8.04282464e-01  1.83771837e-02  9.65118685e+02
 -8.04242694e+02]
2023-04-13 11:14:56,447 - __main__ - INFO - ######### Model function skewed_noise
2023-04-13 11:14:56,447 - __main__ - INFO - AA
2023-04-13 11:14:56,447 - __main__ - INFO - 0.028745149222757477
2023-04-13 11:14:56,447 - __main__ - INFO - 0.9685
2023-04-13 11:14:56,497 - __main__ - INFO - Error - skewed gaussian - curve_fit failed
2023-04-13 11:14:56,497 - __main__ - INFO - Optimal parameters not found: Number of calls to function has reached maxfev = 800.
2023-04-13 11:14:56,509 - __main__ - INFO - AIC: 149.52000014829474 for beta pdf
2023-04-13 11:14:56,509 - __main__ - INFO - popt: [6.49557750e+01 9.81799601e-01 1.92632252e-02 9.56173762e-01]
2023-04-13 11:14:56,535 - __main__ - INFO - AIC: 143.7024032993012 for log_norm
2023-04-13 11:14:56,535 - __main__ - INFO - popt: [0.89524981 0.01490806 0.00835992]
2023-04-13 11:14:56,543 - __main__ - INFO - AIC: 143.16887188686147 for betaprime_pdf
2023-04-13 11:14:56,543 - __main__ - INFO - popt: [ 11.23764227 463.92970119]
2023-04-13 11:14:56,554 - __main__ - INFO - AIC: 122.54675808679667 for sk noise
2023-04-13 11:14:56,554 - __main__ - INFO - popt: [ 1.06750828e+03  9.68053422e-01  1.13826642e-02  2.99227698e+02
 -2.55773255e+02]
2023-04-13 11:14:56,554 - __main__ - INFO - AIC: 149.52, Model: skewed_gaussian, Params: [6.49557750e+01 9.81799601e-01 1.92632252e-02 9.56173762e-01]
2023-04-13 11:14:56,554 - __main__ - INFO - AIC: 143.70, Model: beta_pdf, Params: [0.89524981 0.01490806 0.00835992]
2023-04-13 11:14:56,554 - __main__ - INFO - AIC: 143.17, Model: log_norm, Params: [ 11.23764227 463.92970119]
2023-04-13 11:14:56,555 - __main__ - INFO - AIC: 122.55, Model: betaprime_pdf, Params: [ 1.06750828e+03  9.68053422e-01  1.13826642e-02  2.99227698e+02
 -2.55773255e+02]
2023-04-13 11:14:56,555 - __main__ - INFO - BB
2023-04-13 11:14:56,555 - __main__ - INFO - 0.04321157979533232
2023-04-13 11:14:56,555 - __main__ - INFO - 0.9706
2023-04-13 11:14:56,604 - __main__ - INFO - Error - skewed gaussian - curve_fit failed
2023-04-13 11:14:56,604 - __main__ - INFO - Optimal parameters not found: Number of calls to function has reached maxfev = 800.
2023-04-13 11:14:56,613 - __main__ - INFO - AIC: 176.05767922411874 for beta pdf
2023-04-13 11:14:56,613 - __main__ - INFO - popt: [5.11102049e+01 8.93883850e-01 3.95981129e-02 9.44366210e-01]
2023-04-13 11:14:56,645 - __main__ - INFO - AIC: 175.61710887698894 for log_norm
2023-04-13 11:14:56,645 - __main__ - INFO - popt: [1.90335789 0.01589887 0.0062715 ]
2023-04-13 11:14:56,659 - __main__ - INFO - AIC: 178.06547447506847 for betaprime_pdf
2023-04-13 11:14:56,660 - __main__ - INFO - popt: [  4.50014945 367.55669075]
2023-04-13 11:14:56,665 - __main__ - INFO - AIC: 153.46311121071216 for sk noise
2023-04-13 11:14:56,665 - __main__ - INFO - popt: [ 3.30256743e+02  9.85689205e-01  6.50011925e-03  7.41602617e+02
 -6.20567632e+02]
2023-04-13 11:14:56,665 - __main__ - INFO - AIC: 176.06, Model: skewed_gaussian, Params: [5.11102049e+01 8.93883850e-01 3.95981129e-02 9.44366210e-01]
2023-04-13 11:14:56,665 - __main__ - INFO - AIC: 175.62, Model: beta_pdf, Params: [1.90335789 0.01589887 0.0062715 ]
2023-04-13 11:14:56,665 - __main__ - INFO - AIC: 178.07, Model: log_norm, Params: [  4.50014945 367.55669075]
2023-04-13 11:14:56,665 - __main__ - INFO - AIC: 153.46, Model: betaprime_pdf, Params: [ 3.30256743e+02  9.85689205e-01  6.50011925e-03  7.41602617e+02
 -6.20567632e+02]
2023-04-13 11:14:56,665 - __main__ - INFO - AB
2023-04-13 11:14:56,666 - __main__ - INFO - 0.04338232324861962
2023-04-13 11:14:56,666 - __main__ - INFO - 0.9537
2023-04-13 11:14:56,683 - __main__ - INFO - AIC: 206.1601286401201 for skewed gaussian
2023-04-13 11:14:56,683 - __main__ - INFO - popt: [-4.33479402e+04  9.67587477e-01  4.92789298e-03]
2023-04-13 11:14:56,697 - __main__ - INFO - AIC: 212.89171829840834 for beta pdf
2023-04-13 11:14:56,697 - __main__ - INFO - popt: [21.2079028   0.98531666  0.07370977  0.8938772 ]
2023-04-13 11:14:56,715 - __main__ - INFO - AIC: 208.61268808890784 for log_norm
2023-04-13 11:14:56,715 - __main__ - INFO - popt: [1.7889948  0.04039264 0.00587367]
2023-04-13 11:14:56,756 - __main__ - INFO - Error - betaprime_pdf - curve_fit failed
2023-04-13 11:14:56,756 - __main__ - INFO - Optimal parameters not found: Number of calls to function has reached maxfev = 600.
2023-04-13 11:14:56,765 - __main__ - INFO - AIC: 182.07657292132038 for sk noise
2023-04-13 11:14:56,766 - __main__ - INFO - popt: [ 8.74578999e+05  8.04282464e-01  1.83771837e-02  9.65118685e+02
 -8.04242694e+02]
2023-04-13 11:14:56,766 - __main__ - INFO - AIC: 206.16, Model: skewed_gaussian, Params: [-4.33479402e+04  9.67587477e-01  4.92789298e-03]
2023-04-13 11:14:56,766 - __main__ - INFO - AIC: 212.89, Model: beta_pdf, Params: [21.2079028   0.98531666  0.07370977  0.8938772 ]
2023-04-13 11:14:56,766 - __main__ - INFO - AIC: 208.61, Model: log_norm, Params: [1.7889948  0.04039264 0.00587367]
2023-04-13 11:14:56,766 - __main__ - INFO - AIC: 182.08, Model: betaprime_pdf, Params: [ 8.74578999e+05  8.04282464e-01  1.83771837e-02  9.65118685e+02
 -8.04242694e+02]
